2023-08-06 00:48:59.126054 - Initialized conversion of CBT091
2023-08-06 00:48:59.344765 - Received CBT.V505.FILE091.PDS from FILE091.XMI 
2023-08-06 00:48:59.347146 - Found $$$#DATE.txt (text/plain) in CBT.V505.FILE091.PDS, moved to PDS/$$$#DATE
2023-08-06 00:48:59.348184 - Found $$PROSE.txt (text/plain) in CBT.V505.FILE091.PDS, moved to PDS/$$PROSE
2023-08-06 00:48:59.349210 - Found @FILE091.txt (text/plain) in CBT.V505.FILE091.PDS, moved to PDS/@FILE091
2023-08-06 00:48:59.350120 - Found ALGOFC.txt (text/plain) in CBT.V505.FILE091.PDS, moved to PDS/ALGOFC
2023-08-06 00:48:59.351093 - Found ALGOFCG.txt (text/plain) in CBT.V505.FILE091.PDS, moved to PDS/ALGOFCG
2023-08-06 00:48:59.352029 - Found ALGOFCL.txt (text/plain) in CBT.V505.FILE091.PDS, moved to PDS/ALGOFCL
2023-08-06 00:48:59.352914 - Found ALGOFCLG.txt (text/plain) in CBT.V505.FILE091.PDS, moved to PDS/ALGOFCLG
2023-08-06 00:48:59.353906 - Found COBSAMP.jcl (text/plain) in CBT.V505.FILE091.PDS, moved to PDS/COBSAMP
2023-08-06 00:48:59.354841 - Found FORTGC.txt (text/plain) in CBT.V505.FILE091.PDS, moved to PDS/FORTGC
2023-08-06 00:48:59.355834 - Found FORTGCG.txt (text/plain) in CBT.V505.FILE091.PDS, moved to PDS/FORTGCG
2023-08-06 00:48:59.356746 - Found FORTGCL.txt (text/plain) in CBT.V505.FILE091.PDS, moved to PDS/FORTGCL
2023-08-06 00:48:59.357731 - Found FORTGCLG.txt (text/plain) in CBT.V505.FILE091.PDS, moved to PDS/FORTGCLG
2023-08-06 00:48:59.358661 - Found FORTGLG.txt (text/plain) in CBT.V505.FILE091.PDS, moved to PDS/FORTGLG
2023-08-06 00:48:59.359592 - Found FORTHC.txt (text/plain) in CBT.V505.FILE091.PDS, moved to PDS/FORTHC
2023-08-06 00:48:59.360508 - Found FORTHCG.txt (text/plain) in CBT.V505.FILE091.PDS, moved to PDS/FORTHCG
2023-08-06 00:48:59.361388 - Found FORTHCL.txt (text/plain) in CBT.V505.FILE091.PDS, moved to PDS/FORTHCL
2023-08-06 00:48:59.362354 - Found FORTHCLG.txt (text/plain) in CBT.V505.FILE091.PDS, moved to PDS/FORTHCLG
2023-08-06 00:48:59.363274 - Found FORTHLG.txt (text/plain) in CBT.V505.FILE091.PDS, moved to PDS/FORTHLG
2023-08-06 00:48:59.364209 - Found GSPSAMP.jcl (text/plain) in CBT.V505.FILE091.PDS, moved to PDS/GSPSAMP
2023-08-06 00:48:59.365076 - Found IEMSP2.jcl (text/plain) in CBT.V505.FILE091.PDS, moved to PDS/IEMSP2
2023-08-06 00:48:59.366056 - Found IEPSAMP.jcl (text/plain) in CBT.V505.FILE091.PDS, moved to PDS/IEPSAMP
2023-08-06 00:48:59.366939 - Found IEUESP.txt (text/plain) in CBT.V505.FILE091.PDS, moved to PDS/IEUESP
2023-08-06 00:48:59.367761 - Found IEXSAMP.jcl (text/plain) in CBT.V505.FILE091.PDS, moved to PDS/IEXSAMP
2023-08-06 00:48:59.368567 - Found IEYSP.jcl (text/plain) in CBT.V505.FILE091.PDS, moved to PDS/IEYSP
2023-08-06 00:48:59.369445 - Found IKDSAMPL.jcl (text/plain) in CBT.V505.FILE091.PDS, moved to PDS/IKDSAMPL
2023-08-06 00:48:59.370293 - Found IKFSAMP.jcl (text/plain) in CBT.V505.FILE091.PDS, moved to PDS/IKFSAMP
2023-08-06 00:48:59.371216 - Found PL1LFC.txt (text/plain) in CBT.V505.FILE091.PDS, moved to PDS/PL1LFC
2023-08-06 00:48:59.372020 - Found PL1LFCG.txt (text/plain) in CBT.V505.FILE091.PDS, moved to PDS/PL1LFCG
2023-08-06 00:48:59.372832 - Found PL1LFCL.txt (text/plain) in CBT.V505.FILE091.PDS, moved to PDS/PL1LFCL
2023-08-06 00:48:59.373707 - Found PL1LFCLG.txt (text/plain) in CBT.V505.FILE091.PDS, moved to PDS/PL1LFCLG
2023-08-06 00:48:59.374650 - Found PL1LFLG.txt (text/plain) in CBT.V505.FILE091.PDS, moved to PDS/PL1LFLG
2023-08-06 00:48:59.375485 - Found PL1SAMP.txt (text/plain) in CBT.V505.FILE091.PDS, moved to PDS/PL1SAMP
2023-08-06 00:48:59.376292 - Found RPG$GEN.txt (text/plain) in CBT.V505.FILE091.PDS, moved to PDS/RPG$GEN
2023-08-06 00:48:59.377242 - Found RPGEC.txt (text/plain) in CBT.V505.FILE091.PDS, moved to PDS/RPGEC
2023-08-06 00:48:59.378214 - Found RPGECLG.txt (text/plain) in CBT.V505.FILE091.PDS, moved to PDS/RPGECLG
2023-08-06 00:48:59.379100 - Found RPGELG.txt (text/plain) in CBT.V505.FILE091.PDS, moved to PDS/RPGELG
2023-08-06 00:48:59.380050 - Found RPGSAMP.txt (text/plain) in CBT.V505.FILE091.PDS, moved to PDS/RPGSAMP
2023-08-06 00:48:59.380905 - Found RPGSMPL.jcl (text/plain) in CBT.V505.FILE091.PDS, moved to PDS/RPGSMPL
